\BOOKMARK [0][-]{chapter.1}{Le cahier des charges}{}% 1
\BOOKMARK [1][-]{section.1.1}{La partie administration}{chapter.1}% 2
\BOOKMARK [1][-]{section.1.2}{La partie client}{chapter.1}% 3
\BOOKMARK [0][-]{chapter.2}{Base de donn\351es}{}% 4
\BOOKMARK [1][-]{section.2.1}{Le mod\350le conceptuel de donn\351es}{chapter.2}% 5
\BOOKMARK [1][-]{section.2.2}{La r\351alisation du MCD}{chapter.2}% 6
\BOOKMARK [0][-]{chapter.3}{Le fonctionnement du site internet}{}% 7
\BOOKMARK [1][-]{section.3.1}{La Structure}{chapter.3}% 8
\BOOKMARK [1][-]{section.3.2}{Les fonctions importantes}{chapter.3}% 9
\BOOKMARK [2][-]{subsection.3.2.1}{La partie location}{section.3.2}% 10
\BOOKMARK [2][-]{subsection.3.2.2}{L'affichage des demandes}{section.3.2}% 11
\BOOKMARK [2][-]{subsection.3.2.3}{L'ajout d'image}{section.3.2}% 12
\BOOKMARK [2][-]{subsection.3.2.4}{Le Postit}{section.3.2}% 13
\BOOKMARK [1][-]{section.3.3}{Inscription sur le site client}{chapter.3}% 14
\BOOKMARK [1][-]{section.3.4}{Gestion du site client depuis la partie administration}{chapter.3}% 15
\BOOKMARK [0][-]{chapter.4}{Les probl\350mes rencontr\351s}{}% 16
\BOOKMARK [1][-]{section.4.1}{Adblock}{chapter.4}% 17
\BOOKMARK [1][-]{section.4.2}{Les dates}{chapter.4}% 18
\BOOKMARK [1][-]{section.4.3}{La s\351curit\351}{chapter.4}% 19
\BOOKMARK [1][-]{section.4.4}{R\351partition du travail}{chapter.4}% 20
\BOOKMARK [0][-]{chapter.5}{Les am\351liorations possibles}{}% 21
